<?xml version="1.0" encoding="UTF-8"?>
<!-- Generated by org.testng.reporters.JUnitXMLReporter -->
<testsuite ignored="0" hostname="LAPTOP-8TP6OQIJ" failures="2" tests="3" name="Test" time="21.196" errors="0" timestamp="2023-02-09T07:39:26 IST">
  <testcase classname="TestCases.verifyLogin" name="login" time="0.859">
    <failure type="java.lang.AssertionError" message="The following asserts failed:
	Error message is not matching expected [Please check your password. If you still can&amp;apos;t log in, contact your Salesforce administrator.] but found [Please check your username and password. If you still can&amp;apos;t log in, contact your Salesforce administrator.]">
      <![CDATA[java.lang.AssertionError: The following asserts failed:
Error message is not matching expected [Please check your password. If you still can't log in, contact your Salesforce administrator.] but found [Please check your username and password. If you still can't log in, contact your Salesforce administrator.]
at TestCases.verifyLogin.login(verifyLogin.java:39)
at java.base/java.util.ArrayList.forEach(ArrayList.java:1511)
... Removed 29 stack frames]]>
    </failure>
  </testcase> <!-- login -->
  <testcase classname="TestCases.verifyLogin" name="login" time="1.105">
    <failure type="java.lang.AssertionError" message="The following asserts failed:
	Error message is not matching expected [Please check your password. If you still can&amp;apos;t log in, contact your Salesforce administrator.] but found [Please check your username and password. If you still can&amp;apos;t log in, contact your Salesforce administrator.]">
      <![CDATA[java.lang.AssertionError: The following asserts failed:
Error message is not matching expected [Please check your password. If you still can't log in, contact your Salesforce administrator.] but found [Please check your username and password. If you still can't log in, contact your Salesforce administrator.]
at TestCases.verifyLogin.login(verifyLogin.java:39)
at java.base/java.util.ArrayList.forEach(ArrayList.java:1511)
... Removed 29 stack frames]]>
    </failure>
  </testcase> <!-- login -->
  <testcase classname="TestCases.verifySignup" name="signup" time="7.261"/>
</testsuite> <!-- Test -->
